Charlotte Bobcats,E
Golden State Warriors,W
Milwaukee Bucks,E
Indiana Pacers,E
Brooklyn Nets,E
Sacramento Kings,W
Memphis Grizzlies,W
New Orleans/Oklahoma City Hornets,W
Washington Wizards,E
Portland Trail Blazers,W
Los Angeles Lakers,W
Detroit Pistons,E
Atlanta Hawks,E
Cleveland Cavaliers,E
Miami Heat,E
New Orleans Hornets,W
Charlotte Hornets,E
Chicago Bulls,E
New York Knicks,E
Vancouver Grizzlies,W
Los Angeles Clippers,W
Dallas Mavericks,W
Oklahoma City Thunder,W
Toronto Raptors,E
Utah Jazz,W
Orlando Magic,E
New Orleans Pelicans,W
Philadelphia 76ers,E
Minnesota Timberwolves,W
Boston Celtics,E
Phoenix Suns,W
Seattle SuperSonics,W
San Antonio Spurs,W
New Jersey Nets,E
Denver Nuggets,W
Houston Rockets,W
